2017-09-13 07:58:49,271 DEBUG [main] (MutablePropertySources.java:111) - Adding [systemProperties] PropertySource with lowest search precedence
2017-09-13 07:58:49,280 DEBUG [main] (MutablePropertySources.java:111) - Adding [systemEnvironment] PropertySource with lowest search precedence
2017-09-13 07:58:49,281 DEBUG [main] (AbstractEnvironment.java:126) - Initialized StandardEnvironment with PropertySources [systemProperties,systemEnvironment]
2017-09-13 07:58:49,296  INFO [main] (AbstractApplicationContext.java:515) - Refreshing org.springframework.context.support.ClassPathXmlApplicationContext@123a439b: startup date [Wed Sep 13 07:58:49 CST 2017]; root of context hierarchy
2017-09-13 07:58:49,468 DEBUG [main] (MutablePropertySources.java:111) - Adding [systemProperties] PropertySource with lowest search precedence
2017-09-13 07:58:49,468 DEBUG [main] (MutablePropertySources.java:111) - Adding [systemEnvironment] PropertySource with lowest search precedence
2017-09-13 07:58:49,469 DEBUG [main] (AbstractEnvironment.java:126) - Initialized StandardEnvironment with PropertySources [systemProperties,systemEnvironment]
2017-09-13 07:58:49,489  INFO [main] (XmlBeanDefinitionReader.java:316) - Loading XML bean definitions from class path resource [example.xml]
2017-09-13 07:58:49,520 DEBUG [main] (DefaultDocumentLoader.java:73) - Using JAXP provider [com.sun.org.apache.xerces.internal.jaxp.DocumentBuilderFactoryImpl]
2017-09-13 07:58:49,630 DEBUG [main] (PluggableSchemaResolver.java:141) - Loading schema mappings from [META-INF/spring.schemas]
2017-09-13 07:58:49,654 DEBUG [main] (PluggableSchemaResolver.java:147) - Loaded schema mappings: {http://www.springframework.org/schema/util/spring-util.xsd=org/springframework/beans/factory/xml/spring-util-4.0.xsd, http://www.springframework.org/schema/jee/spring-jee-3.2.xsd=org/springframework/ejb/config/spring-jee-3.2.xsd, http://www.springframework.org/schema/beans/spring-beans-3.1.xsd=org/springframework/beans/factory/xml/spring-beans-3.1.xsd, http://www.springframework.org/schema/task/spring-task.xsd=org/springframework/scheduling/config/spring-task-4.0.xsd, http://www.springframework.org/schema/cache/spring-cache.xsd=org/springframework/cache/config/spring-cache-4.0.xsd, http://www.springframework.org/schema/aop/spring-aop-3.0.xsd=org/springframework/aop/config/spring-aop-3.0.xsd, http://www.springframework.org/schema/task/spring-task-3.1.xsd=org/springframework/scheduling/config/spring-task-3.1.xsd, http://www.springframework.org/schema/aop/spring-aop-2.0.xsd=org/springframework/aop/config/spring-aop-2.0.xsd, http://www.springframework.org/schema/aop/spring-aop-4.0.xsd=org/springframework/aop/config/spring-aop-4.0.xsd, http://www.springframework.org/schema/tool/spring-tool-2.5.xsd=org/springframework/beans/factory/xml/spring-tool-2.5.xsd, http://www.springframework.org/schema/beans/spring-beans.xsd=org/springframework/beans/factory/xml/spring-beans-4.0.xsd, http://www.springframework.org/schema/jee/spring-jee-2.5.xsd=org/springframework/ejb/config/spring-jee-2.5.xsd, http://www.springframework.org/schema/tool/spring-tool-3.1.xsd=org/springframework/beans/factory/xml/spring-tool-3.1.xsd, http://www.springframework.org/schema/aop/spring-aop.xsd=org/springframework/aop/config/spring-aop-4.0.xsd, http://www.springframework.org/schema/jee/spring-jee-3.1.xsd=org/springframework/ejb/config/spring-jee-3.1.xsd, http://www.springframework.org/schema/context/spring-context-3.2.xsd=org/springframework/context/config/spring-context-3.2.xsd, http://www.springframework.org/schema/util/spring-util-3.2.xsd=org/springframework/beans/factory/xml/spring-util-3.2.xsd, http://www.springframework.org/schema/beans/spring-beans-2.0.xsd=org/springframework/beans/factory/xml/spring-beans-2.0.xsd, http://www.springframework.org/schema/beans/spring-beans-4.0.xsd=org/springframework/beans/factory/xml/spring-beans-4.0.xsd, http://www.springframework.org/schema/lang/spring-lang-3.2.xsd=org/springframework/scripting/config/spring-lang-3.2.xsd, http://www.springframework.org/schema/beans/spring-beans-3.0.xsd=org/springframework/beans/factory/xml/spring-beans-3.0.xsd, http://www.springframework.org/schema/cache/spring-cache-3.2.xsd=org/springframework/cache/config/spring-cache-3.2.xsd, http://www.springframework.org/schema/task/spring-task-3.0.xsd=org/springframework/scheduling/config/spring-task-3.0.xsd, http://www.springframework.org/schema/task/spring-task-4.0.xsd=org/springframework/scheduling/config/spring-task-4.0.xsd, http://www.springframework.org/schema/context/spring-context-2.5.xsd=org/springframework/context/config/spring-context-2.5.xsd, http://www.springframework.org/schema/tool/spring-tool-3.0.xsd=org/springframework/beans/factory/xml/spring-tool-3.0.xsd, http://www.springframework.org/schema/util/spring-util-2.5.xsd=org/springframework/beans/factory/xml/spring-util-2.5.xsd, http://www.springframework.org/schema/tool/spring-tool-2.0.xsd=org/springframework/beans/factory/xml/spring-tool-2.0.xsd, http://www.springframework.org/schema/lang/spring-lang.xsd=org/springframework/scripting/config/spring-lang-4.0.xsd, http://www.springframework.org/schema/tool/spring-tool-4.0.xsd=org/springframework/beans/factory/xml/spring-tool-4.0.xsd, http://www.springframework.org/schema/lang/spring-lang-2.5.xsd=org/springframework/scripting/config/spring-lang-2.5.xsd, http://www.springframework.org/schema/aop/spring-aop-3.2.xsd=org/springframework/aop/config/spring-aop-3.2.xsd, http://www.springframework.org/schema/jee/spring-jee-3.0.xsd=org/springframework/ejb/config/spring-jee-3.0.xsd, http://www.springframework.org/schema/jee/spring-jee-2.0.xsd=org/springframework/ejb/config/spring-jee-2.0.xsd, http://www.springframework.org/schema/context/spring-context-3.1.xsd=org/springframework/context/config/spring-context-3.1.xsd, http://www.springframework.org/schema/jee/spring-jee-4.0.xsd=org/springframework/ejb/config/spring-jee-4.0.xsd, http://www.springframework.org/schema/util/spring-util-3.1.xsd=org/springframework/beans/factory/xml/spring-util-3.1.xsd, http://www.springframework.org/schema/lang/spring-lang-3.1.xsd=org/springframework/scripting/config/spring-lang-3.1.xsd, http://www.springframework.org/schema/cache/spring-cache-3.1.xsd=org/springframework/cache/config/spring-cache-3.1.xsd, http://www.springframework.org/schema/context/spring-context.xsd=org/springframework/context/config/spring-context-4.0.xsd, http://www.springframework.org/schema/jee/spring-jee.xsd=org/springframework/ejb/config/spring-jee-4.0.xsd, http://www.springframework.org/schema/aop/spring-aop-2.5.xsd=org/springframework/aop/config/spring-aop-2.5.xsd, http://www.springframework.org/schema/beans/spring-beans-3.2.xsd=org/springframework/beans/factory/xml/spring-beans-3.2.xsd, http://www.springframework.org/schema/aop/spring-aop-3.1.xsd=org/springframework/aop/config/spring-aop-3.1.xsd, http://www.springframework.org/schema/task/spring-task-3.2.xsd=org/springframework/scheduling/config/spring-task-3.2.xsd, http://www.springframework.org/schema/context/spring-context-4.0.xsd=org/springframework/context/config/spring-context-4.0.xsd, http://www.springframework.org/schema/context/spring-context-3.0.xsd=org/springframework/context/config/spring-context-3.0.xsd, http://www.springframework.org/schema/tool/spring-tool.xsd=org/springframework/beans/factory/xml/spring-tool-4.0.xsd, http://www.springframework.org/schema/util/spring-util-3.0.xsd=org/springframework/beans/factory/xml/spring-util-3.0.xsd, http://www.springframework.org/schema/util/spring-util-2.0.xsd=org/springframework/beans/factory/xml/spring-util-2.0.xsd, http://www.springframework.org/schema/lang/spring-lang-3.0.xsd=org/springframework/scripting/config/spring-lang-3.0.xsd, http://www.springframework.org/schema/util/spring-util-4.0.xsd=org/springframework/beans/factory/xml/spring-util-4.0.xsd, http://www.springframework.org/schema/lang/spring-lang-2.0.xsd=org/springframework/scripting/config/spring-lang-2.0.xsd, http://www.springframework.org/schema/cache/spring-cache-4.0.xsd=org/springframework/cache/config/spring-cache-4.0.xsd, http://www.springframework.org/schema/lang/spring-lang-4.0.xsd=org/springframework/scripting/config/spring-lang-4.0.xsd, http://www.springframework.org/schema/tool/spring-tool-3.2.xsd=org/springframework/beans/factory/xml/spring-tool-3.2.xsd, http://www.springframework.org/schema/beans/spring-beans-2.5.xsd=org/springframework/beans/factory/xml/spring-beans-2.5.xsd}
2017-09-13 07:58:49,656 DEBUG [main] (PluggableSchemaResolver.java:119) - Found XML schema [http://www.springframework.org/schema/beans/spring-beans-3.0.xsd] in classpath: org/springframework/beans/factory/xml/spring-beans-3.0.xsd
2017-09-13 07:58:49,825 DEBUG [main] (PluggableSchemaResolver.java:119) - Found XML schema [http://www.springframework.org/schema/aop/spring-aop-3.0.xsd] in classpath: org/springframework/aop/config/spring-aop-3.0.xsd
2017-09-13 07:58:49,852 DEBUG [main] (PluggableSchemaResolver.java:119) - Found XML schema [http://www.springframework.org/schema/tool/spring-tool-3.0.xsd] in classpath: org/springframework/beans/factory/xml/spring-tool-3.0.xsd
2017-09-13 07:58:49,887 DEBUG [main] (DefaultBeanDefinitionDocumentReader.java:108) - Loading bean definitions
2017-09-13 07:58:49,907 DEBUG [main] (DefaultNamespaceHandlerResolver.java:157) - Loaded NamespaceHandler mappings: {http://www.springframework.org/schema/p=org.springframework.beans.factory.xml.SimplePropertyNamespaceHandler, http://www.springframework.org/schema/util=org.springframework.beans.factory.xml.UtilNamespaceHandler, http://www.springframework.org/schema/jee=org.springframework.ejb.config.JeeNamespaceHandler, http://www.springframework.org/schema/aop=org.springframework.aop.config.AopNamespaceHandler, http://www.springframework.org/schema/cache=org.springframework.cache.config.CacheNamespaceHandler, http://www.springframework.org/schema/c=org.springframework.beans.factory.xml.SimpleConstructorNamespaceHandler, http://www.springframework.org/schema/task=org.springframework.scheduling.config.TaskNamespaceHandler, http://www.springframework.org/schema/lang=org.springframework.scripting.config.LangNamespaceHandler, http://www.springframework.org/schema/context=org.springframework.context.config.ContextNamespaceHandler}
2017-09-13 07:58:49,968 DEBUG [main] (BeanDefinitionParserDelegate.java:495) - Neither XML 'id' nor 'name' specified - using generated bean name [com.baobaotao.aspectj.example.PreGreetingAspect#0]
2017-09-13 07:58:49,968 DEBUG [main] (AbstractBeanDefinitionReader.java:223) - Loaded 3 bean definitions from location pattern [example.xml]
2017-09-13 07:58:49,969 DEBUG [main] (AbstractApplicationContext.java:545) - Bean factory for org.springframework.context.support.ClassPathXmlApplicationContext@123a439b: org.springframework.beans.factory.support.DefaultListableBeanFactory@13deb50e: defining beans [org.springframework.aop.config.internalAutoProxyCreator,waiter,com.baobaotao.aspectj.example.PreGreetingAspect#0]; root of factory hierarchy
2017-09-13 07:58:50,064 DEBUG [main] (DefaultSingletonBeanRegistry.java:220) - Creating shared instance of singleton bean 'org.springframework.aop.config.internalAutoProxyCreator'
2017-09-13 07:58:50,072 DEBUG [main] (AbstractAutowireCapableBeanFactory.java:449) - Creating instance of bean 'org.springframework.aop.config.internalAutoProxyCreator'
2017-09-13 07:58:50,158 DEBUG [main] (AbstractAutowireCapableBeanFactory.java:523) - Eagerly caching bean 'org.springframework.aop.config.internalAutoProxyCreator' to allow for resolving potential circular references
2017-09-13 07:58:50,262 DEBUG [main] (AbstractAutowireCapableBeanFactory.java:477) - Finished creating instance of bean 'org.springframework.aop.config.internalAutoProxyCreator'
2017-09-13 07:58:50,266 DEBUG [main] (AbstractApplicationContext.java:651) - Unable to locate MessageSource with name 'messageSource': using default [org.springframework.context.support.DelegatingMessageSource@5f3a4b84]
2017-09-13 07:58:50,368 DEBUG [main] (AbstractApplicationContext.java:675) - Unable to locate ApplicationEventMulticaster with name 'applicationEventMulticaster': using default [org.springframework.context.event.SimpleApplicationEventMulticaster@50d0686]
2017-09-13 07:58:50,375 DEBUG [main] (DefaultListableBeanFactory.java:672) - Pre-instantiating singletons in org.springframework.beans.factory.support.DefaultListableBeanFactory@13deb50e: defining beans [org.springframework.aop.config.internalAutoProxyCreator,waiter,com.baobaotao.aspectj.example.PreGreetingAspect#0]; root of factory hierarchy
2017-09-13 07:58:50,376 DEBUG [main] (AbstractBeanFactory.java:247) - Returning cached instance of singleton bean 'org.springframework.aop.config.internalAutoProxyCreator'
2017-09-13 07:58:50,376 DEBUG [main] (DefaultSingletonBeanRegistry.java:220) - Creating shared instance of singleton bean 'waiter'
2017-09-13 07:58:50,379 DEBUG [main] (AbstractAutowireCapableBeanFactory.java:449) - Creating instance of bean 'waiter'
2017-09-13 07:58:50,458 DEBUG [main] (ReflectiveAspectJAdvisorFactory.java:221) - Found AspectJ method: public void com.baobaotao.aspectj.example.PreGreetingAspect.beforeGreeting()
2017-09-13 07:58:50,462 DEBUG [main] (AbstractAutowireCapableBeanFactory.java:523) - Eagerly caching bean 'waiter' to allow for resolving potential circular references
2017-09-13 07:58:50,910 DEBUG [main] (AbstractAutoProxyCreator.java:593) - Creating implicit proxy for bean 'waiter' with 0 common interceptors and 2 specific interceptors
2017-09-13 07:58:50,913 DEBUG [main] (JdkDynamicAopProxy.java:117) - Creating JDK dynamic proxy: target source is SingletonTargetSource for target object [com.baobaotao.NaiveWaiter@65d6b83b]
2017-09-13 07:58:50,921 DEBUG [main] (AbstractAutowireCapableBeanFactory.java:477) - Finished creating instance of bean 'waiter'
2017-09-13 07:58:50,921 DEBUG [main] (DefaultSingletonBeanRegistry.java:220) - Creating shared instance of singleton bean 'com.baobaotao.aspectj.example.PreGreetingAspect#0'
2017-09-13 07:58:50,921 DEBUG [main] (AbstractAutowireCapableBeanFactory.java:449) - Creating instance of bean 'com.baobaotao.aspectj.example.PreGreetingAspect#0'
2017-09-13 07:58:50,922 DEBUG [main] (AbstractAutowireCapableBeanFactory.java:523) - Eagerly caching bean 'com.baobaotao.aspectj.example.PreGreetingAspect#0' to allow for resolving potential circular references
2017-09-13 07:58:50,923 DEBUG [main] (AbstractAutowireCapableBeanFactory.java:477) - Finished creating instance of bean 'com.baobaotao.aspectj.example.PreGreetingAspect#0'
2017-09-13 07:58:50,925 DEBUG [main] (AbstractApplicationContext.java:702) - Unable to locate LifecycleProcessor with name 'lifecycleProcessor': using default [org.springframework.context.support.DefaultLifecycleProcessor@6ce139a4]
2017-09-13 07:58:50,926 DEBUG [main] (AbstractBeanFactory.java:247) - Returning cached instance of singleton bean 'lifecycleProcessor'
2017-09-13 07:58:50,928 DEBUG [main] (PropertySourcesPropertyResolver.java:81) - Searching for key 'spring.liveBeansView.mbeanDomain' in [systemProperties]
2017-09-13 07:58:50,938 DEBUG [main] (PropertySourcesPropertyResolver.java:81) - Searching for key 'spring.liveBeansView.mbeanDomain' in [systemEnvironment]
2017-09-13 07:58:50,939 DEBUG [main] (PropertySourcesPropertyResolver.java:103) - Could not find key 'spring.liveBeansView.mbeanDomain' in any property source. Returning [null]
2017-09-13 07:58:50,939 DEBUG [main] (AbstractBeanFactory.java:247) - Returning cached instance of singleton bean 'waiter'
2017-09-13 07:58:50,962 DEBUG [main] (AbstractBeanFactory.java:247) - Returning cached instance of singleton bean 'com.baobaotao.aspectj.example.PreGreetingAspect#0'
2017-09-13 08:18:12,755 DEBUG [main] (ReflectiveAspectJAdvisorFactory.java:221) - Found AspectJ method: public void com.baobaotao.aspectj.example.PreGreetingAspect.beforeGreeting()
2017-09-13 08:18:13,247 DEBUG [main] (CglibAopProxy.java:158) - Creating CGLIB proxy: target source is SingletonTargetSource for target object [com.baobaotao.NaiveWaiter@3159c4b8]
2017-09-13 08:18:13,512 DEBUG [main] (CglibAopProxy.java:822) - Unable to apply any optimisations to advised method: public void com.baobaotao.NaiveWaiter.smile(java.lang.String,int)
2017-09-13 08:18:13,513 DEBUG [main] (CglibAopProxy.java:822) - Unable to apply any optimisations to advised method: public void com.baobaotao.NaiveWaiter.serveTo(java.lang.String)
2017-09-13 08:18:13,515 DEBUG [main] (CglibAopProxy.java:822) - Unable to apply any optimisations to advised method: public void com.baobaotao.NaiveWaiter.greetTo(java.lang.String)
2017-09-13 08:18:13,515 DEBUG [main] (CglibAopProxy.java:773) - Found finalize() method - using NO_OVERRIDE
2017-09-13 08:18:13,516 DEBUG [main] (CglibAopProxy.java:785) - Found 'equals' method: public boolean java.lang.Object.equals(java.lang.Object)
2017-09-13 08:18:13,517 DEBUG [main] (CglibAopProxy.java:822) - Unable to apply any optimisations to advised method: public java.lang.String java.lang.Object.toString()
2017-09-13 08:18:13,518 DEBUG [main] (CglibAopProxy.java:790) - Found 'hashCode' method: public native int java.lang.Object.hashCode()
2017-09-13 08:18:13,547 DEBUG [main] (CglibAopProxy.java:822) - Unable to apply any optimisations to advised method: protected native java.lang.Object java.lang.Object.clone() throws java.lang.CloneNotSupportedException
2017-09-13 08:18:13,547 DEBUG [main] (CglibAopProxy.java:779) - Method is declared on Advised interface: public abstract int org.springframework.aop.framework.Advised.indexOf(org.springframework.aop.Advisor)
2017-09-13 08:18:13,548 DEBUG [main] (CglibAopProxy.java:779) - Method is declared on Advised interface: public abstract int org.springframework.aop.framework.Advised.indexOf(org.aopalliance.aop.Advice)
2017-09-13 08:18:13,560 DEBUG [main] (CglibAopProxy.java:779) - Method is declared on Advised interface: public abstract boolean org.springframework.aop.framework.Advised.isFrozen()
2017-09-13 08:18:13,561 DEBUG [main] (CglibAopProxy.java:779) - Method is declared on Advised interface: public abstract org.springframework.aop.Advisor[] org.springframework.aop.framework.Advised.getAdvisors()
2017-09-13 08:18:13,561 DEBUG [main] (CglibAopProxy.java:779) - Method is declared on Advised interface: public abstract boolean org.springframework.aop.framework.Advised.isProxyTargetClass()
2017-09-13 08:18:13,561 DEBUG [main] (CglibAopProxy.java:779) - Method is declared on Advised interface: public abstract void org.springframework.aop.framework.Advised.setExposeProxy(boolean)
2017-09-13 08:18:13,561 DEBUG [main] (CglibAopProxy.java:779) - Method is declared on Advised interface: public abstract boolean org.springframework.aop.framework.Advised.isExposeProxy()
2017-09-13 08:18:13,562 DEBUG [main] (CglibAopProxy.java:779) - Method is declared on Advised interface: public abstract void org.springframework.aop.framework.Advised.setTargetSource(org.springframework.aop.TargetSource)
2017-09-13 08:18:13,562 DEBUG [main] (CglibAopProxy.java:779) - Method is declared on Advised interface: public abstract org.springframework.aop.TargetSource org.springframework.aop.framework.Advised.getTargetSource()
2017-09-13 08:18:13,562 DEBUG [main] (CglibAopProxy.java:779) - Method is declared on Advised interface: public abstract void org.springframework.aop.framework.Advised.setPreFiltered(boolean)
2017-09-13 08:18:13,562 DEBUG [main] (CglibAopProxy.java:779) - Method is declared on Advised interface: public abstract boolean org.springframework.aop.framework.Advised.isPreFiltered()
2017-09-13 08:18:13,563 DEBUG [main] (CglibAopProxy.java:779) - Method is declared on Advised interface: public abstract java.lang.Class[] org.springframework.aop.framework.Advised.getProxiedInterfaces()
2017-09-13 08:18:13,572 DEBUG [main] (CglibAopProxy.java:779) - Method is declared on Advised interface: public abstract boolean org.springframework.aop.framework.Advised.isInterfaceProxied(java.lang.Class)
2017-09-13 08:18:13,572 DEBUG [main] (CglibAopProxy.java:779) - Method is declared on Advised interface: public abstract void org.springframework.aop.framework.Advised.addAdvisor(org.springframework.aop.Advisor) throws org.springframework.aop.framework.AopConfigException
2017-09-13 08:18:13,572 DEBUG [main] (CglibAopProxy.java:779) - Method is declared on Advised interface: public abstract void org.springframework.aop.framework.Advised.addAdvisor(int,org.springframework.aop.Advisor) throws org.springframework.aop.framework.AopConfigException
2017-09-13 08:18:13,572 DEBUG [main] (CglibAopProxy.java:779) - Method is declared on Advised interface: public abstract void org.springframework.aop.framework.Advised.removeAdvisor(int) throws org.springframework.aop.framework.AopConfigException
2017-09-13 08:18:13,573 DEBUG [main] (CglibAopProxy.java:779) - Method is declared on Advised interface: public abstract boolean org.springframework.aop.framework.Advised.removeAdvisor(org.springframework.aop.Advisor)
2017-09-13 08:18:13,573 DEBUG [main] (CglibAopProxy.java:779) - Method is declared on Advised interface: public abstract boolean org.springframework.aop.framework.Advised.replaceAdvisor(org.springframework.aop.Advisor,org.springframework.aop.Advisor) throws org.springframework.aop.framework.AopConfigException
2017-09-13 08:18:13,576 DEBUG [main] (CglibAopProxy.java:779) - Method is declared on Advised interface: public abstract void org.springframework.aop.framework.Advised.addAdvice(int,org.aopalliance.aop.Advice) throws org.springframework.aop.framework.AopConfigException
2017-09-13 08:18:13,576 DEBUG [main] (CglibAopProxy.java:779) - Method is declared on Advised interface: public abstract void org.springframework.aop.framework.Advised.addAdvice(org.aopalliance.aop.Advice) throws org.springframework.aop.framework.AopConfigException
2017-09-13 08:18:13,576 DEBUG [main] (CglibAopProxy.java:779) - Method is declared on Advised interface: public abstract boolean org.springframework.aop.framework.Advised.removeAdvice(org.aopalliance.aop.Advice)
2017-09-13 08:18:13,576 DEBUG [main] (CglibAopProxy.java:779) - Method is declared on Advised interface: public abstract java.lang.String org.springframework.aop.framework.Advised.toProxyConfigString()
2017-09-13 08:18:13,577 DEBUG [main] (CglibAopProxy.java:779) - Method is declared on Advised interface: public abstract java.lang.Class org.springframework.aop.TargetClassAware.getTargetClass()
